0.119921   0.0463175   -0.304118
-0.16878   -0.144675   -0.486908
-0.187905   0.479138   0.385248
0.018069   0.357907   -0.0902996
-0.471126   -0.467212   -0.126965
-0.0108419   0.288684   0.474957
0.471796   -0.0708356   0.272385
0.296064   0.417051   0.163097
-0.1184   0.0232324   0.30148
0.154246   -0.397348   0.196922
-0.180997   0.00586347   0.0806982
0.281375   0.472593   0.465084
-0.184695   -0.385451   -0.343849
-0.45148   0.197659   -0.292363
0.18632   0.310951   0.305751
0.313825   0.0915491   -0.387503
0.296299   -0.0939867   -0.217774
0.112635   0.473618   -0.407204
0.0166329   -0.344235   -0.294446
-0.25329   -0.175334   -0.293862
0.0128461   0.435694   0.168643
-0.130422   -0.28391   -0.15045
-0.200041   -0.4407   0.19428
-0.128479   0.184761   0.146963
-0.32592   0.180953   0.249789
-0.0149714   -0.338262   0.25795
-0.0722825   -0.0745481   -0.255538
0.494152   0.46884   -0.298746
0.403027   -0.371749   0.114546
-0.0664612   -0.29627   0.0373989
-0.348636   -0.046739   0.205313
-0.337911   0.343726   0.465959
-0.0680517   0.0788091   -0.446682
-0.177475   0.320704   -0.414745
-0.00147799   -0.338506   0.486104
-0.262961   -0.335641   0.376036
-0.354486   0.143466   0.042619
0.344004   0.120513   -0.193192
0.173548   0.46311   -0.0181906
-0.233425   0.449298   -0.214738
-0.320302   0.474446   -0.390335
-0.4702   -0.148131   0.0778927
0.393233   0.425775   -0.038349
-0.0252297   -0.137575   0.151085
-0.227371   -0.194919   0.258438
-0.00092882   -0.103751   0.409325
-0.31449   0.389812   0.250671
-0.00633587   0.170526   -0.0870186
-0.175981   0.257827   -0.0759996
-0.155829   0.0498147   -0.106699
0.337335   -0.407622   -0.385565
0.457291   0.0295462   0.0112813
0.425212   -0.268617   -0.235244
-0.489522   -0.0786741   -0.212053
-0.0406963   0.483815   -0.252301
0.0655085   0.110704   0.39685
0.443738   -0.463876   0.309446
0.0242894   0.237431   -0.312021
0.0864718   -0.171404   -0.16763
0.228359   0.290162   -0.368287
-0.263261   0.199386   -0.247011
0.329139   -0.203427   0.153436
0.11957   0.283663   0.0826634
0.466675   0.167239   0.211648
-0.215745   0.359892   0.0799138
0.092355   -0.359782   -0.0958281
0.182806   0.241075   -0.133533
0.359755   0.238382   0.0473333
0.395093   0.312334   -0.217832
-0.452135   -0.285428   0.252127
-0.484586   0.114252   0.41692
0.342845   -0.245475   0.342291
0.143636   -0.189202   0.26518
0.173912   -0.325412   0.405129
-0.408442   -0.0970177   -0.400758
0.285407   0.199484   0.430614
-0.0699916   0.487446   -0.466108
-0.499917   -0.199296   0.445573
0.127453   -0.00124675   -0.0692408
-0.0377985   -0.0882451   -0.0380719
0.0203085   0.0611978   0.0957824
0.314385   -0.360533   -0.0532826
0.424182   0.301207   -0.439024
-0.122886   0.318551   0.291
0.346806   -0.189152   -0.399973
0.139657   -0.212788   0.0546525
0.0571258   0.189866   0.223859
-0.297566   0.0829375   -0.424448
-0.402853   -0.350435   -0.336114
0.232684   0.0431149   0.309205
-0.396153   0.349517   -0.106677
-0.259925   -0.101217   -0.0421327
-0.282595   -0.0210125   0.412501
0.254027   0.0355764   0.102566
0.190181   -0.0165669   0.498429
-0.195722   0.187512   0.430957
0.490637   -0.46404   0.49922
0.316557   -0.108937   -0.0219053
-0.128741   -0.486534   0.0025607
-0.406635   -0.463628   0.146742
0.479237   0.358313   0.153207
-0.27868   -0.347432   0.0130655
0.229905   -0.314783   -0.232977
0.0968532   -0.145875   -0.369159
0.431396   0.326951   0.366372
-0.353217   0.0427012   -0.168281
0.248919   0.493031   -0.232212
0.0865508   0.489515   0.374487
