-0.226714   -0.935304   1.57369
0.00483755   -0.01122   0.593137
0.512814   0.0322775   -0.471622
0.520185   0.41222   0.160091
-1.59315   0.127032   -2.15981
0.453903   0.272665   -1.24432
-0.0129865   0.609786   0.323274
-0.986452   -0.718915   -0.60804
1.12803   -0.290835   -0.819006
-0.245981   -0.707938   0.799266
-0.344149   0.0636407   -1.67187
-0.00960457   1.47545   0.102401
-1.29776   -0.558253   0.579326
-2.82156   -0.00054683   1.62592
0.601723   -0.409016   1.17287
-0.335276   -1.30106   0.968083
-1.26109   -0.269527   0.177394
-0.934173   -2.14645   0.255334
-0.819947   -1.43366   0.903851
0.92594   -1.3921   -1.59184
0.530819   -0.274199   -0.686483
0.109944   0.796463   -0.233516
-0.906964   -0.309088   0.664472
-0.795885   -0.338063   -0.264934
-1.9436   1.78053   -0.661547
0.928941   1.81657   -0.48659
0.323631   0.269735   0.546037
0.669509   -0.557306   0.888972
-1.66814   -0.745915   -0.892826
0.977993   0.699824   0.454667
0.732886   -1.19793   -1.61679
-1.36444   -0.157727   -0.721492
0.896187   -0.939794   -0.0066716
1.41184   0.173846   -0.526774
-0.159791   0.00468767   -0.72545
0.37247   -0.406729   0.88065
0.111513   -0.698675   0.131935
-0.352305   0.351648   -0.0812004
-1.15414   0.0805333   -0.321265
0.299134   0.448958   0.142804
0.628123   -0.235058   -1.56698
1.1226   1.27701   -0.171804
1.1193   -0.089548   1.19078
-0.115326   1.20339   -1.27587
2.88791   0.490962   -0.987427
1.37045   -0.399972   -0.378708
0.208177   -0.37035   -1.40231
0.591732   0.607814   1.10025
-1.99957   0.675752   0.387046
1.15471   0.405099   -1.50923
1.46347   -2.79392   -0.333255
-1.84525   0.0953459   -0.991837
-0.498839   0.0406923   1.45912
-1.66643   0.88475   0.841217
1.32817   0.194141   0.871417
-0.616491   -0.671165   -1.14636
2.40481   -0.643934   1.69324
0.693613   -1.63284   2.22217
-1.01083   0.169564   2.39591
-1.31425   2.08818   -0.300057
0.518451   0.255624   0.184162
-1.71478   0.817428   1.28942
-0.961109   -1.10342   1.15764
0.84279   0.0150256   0.309514
0.774829   2.30981   0.48764
0.22747   -0.428654   -0.84455
-0.602181   -0.364923   -1.97675
-0.693862   -0.610211   -0.576364
0.63655   0.330803   -1.42682
-0.315536   -2.78329   0.820859
0.11594   -0.0120603   0.939313
-0.310724   -0.834817   -0.842173
-0.0366924   1.29836   -0.491173
1.22592   1.38856   1.49473
-1.14558   0.25093   -1.57173
-0.255076   -0.680947   0.0654258
1.20593   -0.194805   1.25089
-1.75002   -1.70698   0.55985
-0.162657   1.65115   0.785752
-1.9476   -1.15338   1.43226
0.21338   -0.0321626   -2.03134
0.942372   0.798027   -1.19766
-0.980659   0.604185   -1.65906
0.615846   0.451913   -0.605163
-1.42303   -0.0389496   -0.293808
0.165092   1.63911   1.07398
0.518424   -0.447969   0.980038
0.363053   1.24712   2.12211
1.16895   -1.87393   -0.665569
-0.780257   0.13014   2.55785
-0.713047   0.651773   -0.287766
-0.375005   2.03724   0.194285
-1.11777   1.61558   -0.0743784
0.252109   1.17157   -0.458751
1.72651   1.51417   -1.82237
1.98626   -0.640323   2.26348
0.774325   0.640772   -0.377012
1.95486   -0.533089   1.25284
1.63359   1.71267   0.41823
-0.685897   -1.48514   -0.303883
1.39859   0.646608   -1.32385
-0.167039   1.12077   1.07658
1.14189   -1.08009   -2.5537
0.488522   -1.35498   -1.91652
-1.37222   -0.125718   -0.861613
0.450682   -0.111608   1.78404
-2.28889   -0.298679   1.8353
0.273037   -1.31472   -1.42361
