0.193329   -0.268736   -0.487682
0.200566   0.0996819   -0.376316
0.276156   -0.0787628   -0.20618
0.393391   -0.487842   0.465475
-0.126605   0.273226   0.360363
-0.402149   0.314285   0.0845192
-0.385578   -0.261858   -0.355499
-0.0795103   -0.108197   -0.0421378
-0.0464322   -0.189772   0.248609
0.273379   0.182684   0.304765
0.200391   -0.421274   -0.195035
0.00799782   0.370647   -0.138121
-0.29   0.147814   0.103742
-0.169576   -0.108937   -0.254016
-0.193487   0.38514   -0.363187
0.477217   0.496463   -0.0666291
0.19639   0.420513   0.445593
-0.457282   0.262717   -0.391943
-0.195358   0.24117   -0.199173
-0.240138   0.437799   0.179998
0.427375   0.28432   -0.0192613
-0.0119752   0.208569   -0.268941
-0.408404   0.180133   -0.103447
0.0607266   -0.0874162   0.0941041
-0.000861659   0.0627698   0.364426
0.411837   0.057963   -0.325396
0.235078   -0.488394   -0.380258
-0.224278   -0.00113407   -0.460977
0.0531873   -0.454553   -0.0392082
0.0483163   -0.393547   0.416326
0.42994   0.210526   0.199992
0.00823392   0.405554   -0.353561
-0.166801   -0.356608   -0.250827
0.420059   0.066869   -0.0184514
0.282706   -0.402388   0.285031
-0.488798   0.462526   0.184317
0.411475   -0.214185   0.145224
-0.23156   0.427008   0.418416
0.380433   -0.00317251   0.170707
-0.290561   -0.0645921   0.294342
-0.311949   0.114098   -0.285188
-0.0703604   0.0529605   0.167676
0.334298   0.326001   -0.43216
-0.419942   -0.468153   0.445545
-0.485179   -0.342986   0.301316
0.369253   0.131387   0.474647
0.261762   -0.0332752   0.0324517
-0.47726   0.0168475   -0.483892
0.399441   -0.288666   0.473394
-0.432921   -0.315854   -0.157207
-0.38605   0.357256   -0.165141
-0.273552   -0.213078   -0.118679
0.256182   0.401446   -0.113089
0.0843724   -0.42788   0.164956
0.200669   0.307273   -0.286895
-0.162805   -0.435085   -0.0745262
0.254071   0.152159   -0.0953297
-0.228476   -0.106927   0.099175
-0.0525442   0.447807   0.122106
-0.144121   -0.204642   0.417248
0.377024   -0.288754   -0.0633795
0.0403059   -0.379999   -0.336691
-0.0189867   -0.29591   -0.135536
0.193152   -0.0218646   0.224775
-0.123138   0.0662529   -0.164584
0.203222   -0.225362   0.0765065
-0.331777   0.28629   0.309281
-0.0668903   0.225586   0.0151923
-0.0679263   -0.27433   0.0703319
-0.206829   0.117479   0.289118
0.0675561   0.00801081   -0.183248
-0.300148   0.224919   -0.483364
0.291189   -0.268975   -0.27877
0.453497   -0.386795   -0.342549
0.0193975   -0.177677   -0.303693
0.298596   0.38387   0.265514
-0.458523   -0.102696   -0.295829
0.0738351   0.0910939   -0.00277289
0.399821   0.445589   -0.252648
-0.419077   -0.0185818   0.120445
0.0636724   0.18271   0.23435
-0.355024   -0.464625   -0.294842
-0.165391   -0.430426   0.322093
0.298492   -0.18268   0.349205
0.300026   -0.440491   0.0333293
-0.042315   0.417259   0.46797
-0.359095   -0.260232   0.447372
0.114852   0.367405   0.0362856
0.378709   0.233788   -0.22514
0.361794   -0.0925302   -0.493604
-0.183967   -0.389932   -0.45669
-0.322954   -0.0129234   -0.0905576
0.464717   0.332218   0.358021
0.191702   0.0101436   0.435536
-0.236283   -0.359823   0.136436
-0.338584   -0.474832   0.0105341
0.257103   0.209934   0.104517
-0.0622981   0.0265251   -0.370463
-0.497321   -0.0719633   0.309378
0.482397   -0.110912   -0.0505864
0.133714   -0.240111   0.256873
-0.392596   -0.222061   0.0929265
0.0536014   -0.141478   0.405625
-0.195813   0.366612   -0.0385413
0.0670518   0.247139   -0.488452
0.0309193   0.396117   0.28842
0.142191   -0.180477   -0.126366
0.193572   -0.108121   -0.389115
