0.464603   0.357385   0.0446175
-0.26418   0.461868   0.0604647
-0.0415858   0.366212   -0.479592
0.101615   -0.107009   -0.476606
0.490603   -0.200093   0.167654
0.44932   0.192884   0.381492
0.00575343   0.396229   -0.00152634
-0.062713   -0.12032   0.238757
-0.323725   -0.0686047   -0.387791
0.161188   -0.278215   -0.0289426
-0.294528   0.359253   -0.472628
-0.436494   0.21845   -0.437107
0.105941   -0.262215   -0.330155
-0.15236   0.281275   -0.33962
0.399706   0.354312   0.250081
-0.385939   0.296348   0.172187
0.417553   -0.277792   0.352482
0.267509   -0.446833   -0.0840817
0.00624524   -0.304069   0.110272
0.110403   0.375294   0.315177
-0.372122   0.229699   -0.0561039
0.134441   0.19275   -0.123288
-0.0560903   -0.00813906   0.438194
-0.074756   -0.482156   0.145365
-0.157459   0.156211   0.496047
-0.458974   -0.0105662   0.0496487
-0.16475   0.247272   -0.123758
-0.168427   -0.330253   0.255438
-0.085947   0.249465   0.111199
0.409949   0.13964   0.173989
0.233704   -0.174739   -0.182967
0.114833   -0.0894412   0.0976689
-0.157105   -0.190761   0.411188
-0.342523   -0.32297   0.371869
0.0634052   -0.0380026   -0.279945
-0.221769   -0.138776   -0.210888
0.314552   0.0593769   -0.495634
0.334342   -0.287108   -0.357305
-0.290736   -0.286966   -0.351642
-0.20489   -0.335962   0.0307025
-0.0584387   0.408152   -0.209762
0.359366   -0.0300202   0.29023
0.116688   0.206016   -0.494418
0.192397   0.41507   -0.477741
0.389822   0.19797   -0.212805
-0.190282   -0.0959235   0.00165577
0.00758674   0.176389   -0.294363
-0.326976   0.490586   0.266793
-0.482303   0.412795   0.436436
0.0206313   -0.192439   -0.138274
-0.306848   0.232563   0.357946
-0.397971   -0.431646   -0.475416
0.261326   0.216454   0.325842
0.457951   0.428024   -0.165191
-0.156959   0.353971   0.299216
0.244635   0.0164635   -0.142647
0.272186   0.403313   0.0833614
0.0520614   -0.474785   -0.342716
-0.358174   0.222752   -0.246278
-0.312571   0.0257144   -0.115719
0.402256   -0.412593   0.49243
-0.287023   0.43019   -0.185018
-0.414517   -0.124887   0.36335
0.124342   0.286056   0.126332
-0.187501   -0.498019   -0.344461
0.207002   -0.243775   0.225491
-0.182226   0.0786396   0.272039
-0.273332   0.07795   0.0859536
-0.107692   -0.161397   -0.39755
0.0547794   -0.251497   0.369057
-0.0971079   -0.314891   -0.246795
0.284068   0.34735   -0.109879
0.265001   -0.488831   0.321513
-0.0435833   0.0469117   0.0954032
-0.477992   0.0155722   0.496098
0.336105   -0.137503   0.48143
0.270207   0.18317   0.0183839
-0.192488   -0.468645   0.420212
0.0237389   0.186391   0.3034
0.352376   -0.373597   0.119679
-0.358963   -0.214332   -0.0219598
-0.375522   -0.348703   0.154963
0.129483   -0.0526601   0.338703
0.400893   -0.282257   -0.113912
0.18801   0.0900084   0.189883
0.142958   0.345812   -0.289376
-0.00588277   -0.455726   0.328743
0.318685   -0.0861366   0.0606221
-0.465403   -0.191303   -0.241705
-0.476115   0.0409652   -0.300843
-0.275693   -0.164408   0.210814
0.367517   0.286468   -0.430667
-0.168907   0.0603961   -0.309494
0.337842   -0.0602166   -0.329481
-0.0507516   -0.35404   -0.453183
-0.0322243   -0.410099   -0.051347
-0.0749391   0.05107   -0.124597
0.476011   -0.446235   0.278291
0.299385   -0.493862   -0.292963
-0.447709   0.40806   -0.351847
-0.47303   -0.240362   -0.445795
0.135808   -0.448118   0.13141
-0.469276   -0.413377   -0.0149757
-0.395598   0.0768797   0.246352
-0.311189   -0.363102   -0.161102
0.1779   -0.367181   0.495675
0.19465   0.0928783   -0.330826
-0.497071   -0.391368   -0.279509
