-0.421848   -0.38987   -0.0335046
0.161089   -0.14271   0.248223
-0.248827   0.037383   -0.340369
0.807333   -0.13619   -0.771323
-0.378826   -0.68439   -0.454122
0.704938   -0.980876   -1.07981
0.164452   1.2235   -0.232013
0.900378   -0.458549   -0.700117
-0.377387   0.24867   2.35001
1.1489   -0.326934   0.95807
-0.65983   1.32739   -0.345298
-0.217689   0.504827   1.68883
-0.068048   1.11409   -0.0305478
-0.965704   0.399103   -1.0789
-0.283022   0.200712   0.345464
1.09785   -1.08822   -0.00152881
-0.195219   -0.787344   -1.11336
0.402338   -0.749318   -0.0259951
1.84662   2.08087   -0.22821
-0.202746   -1.4082   -0.609382
0.646669   0.0505428   -0.139617
-0.235912   0.0675971   -0.339578
-0.500938   1.31256   -0.82355
-1.79516   -0.397855   0.683834
0.0619836   -0.28163   -0.439396
-0.653641   0.814888   -0.529451
-0.447716   -1.53796   0.17966
0.287317   0.29772   -0.443114
0.735118   -0.901433   -0.540432
0.347626   0.37514   0.284472
-0.165315   0.560651   0.441249
1.3499   0.348082   -0.538567
-0.128204   -0.631634   -0.42185
-0.440152   0.566547   -0.0426636
0.121035   -0.496941   1.34919
0.582259   -0.51385   1.15299
-0.0564508   0.840664   0.0469502
-0.105116   -0.637329   -0.139632
1.12939   1.29037   0.947493
0.801175   0.212014   2.13425
0.429108   0.638812   -0.256647
-1.14232   0.207695   0.727548
-0.355688   -0.385356   0.140486
0.427371   -0.264175   0.37844
0.416982   0.492284   -0.630789
-0.497852   -0.271687   -0.153392
-0.296212   -0.755923   -0.542428
0.377421   -1.02822   -0.179983
1.48171   0.358545   0.682137
0.319083   0.188612   1.02639
0.630246   -0.64182   -1.03652
0.0497881   0.755006   0.017603
0.649456   0.62912   0.248786
-0.656408   0.959096   0.446794
0.450975   -0.56249   0.132083
-1.15184   0.0930926   -1.24248
-0.843821   1.08516   0.0530712
-0.472372   0.100217   1.00376
-0.237741   -0.969766   0.232321
0.710697   0.304509   0.52116
0.8849   1.11006   1.25592
-0.496124   -0.39917   -0.313106
0.578996   -0.0109921   0.945868
-1.8502   0.750146   -0.821437
-0.440323   0.220673   0.0678925
0.707886   -0.777656   1.69598
0.533901   -1.16993   0.400723
0.498435   -0.461259   -1.53617
-0.0415799   0.338856   -0.494195
-0.11867   0.530949   -0.226566
0.862225   -0.362395   -0.0189536
0.622106   0.431656   -1.39349
-0.158303   0.385704   0.484409
1.41858   1.32331   -0.242421
1.05061   -0.0275302   0.501431
-1.24923   -0.2339   -0.34006
-0.479345   0.448171   0.0949513
0.24829   -0.97976   0.832798
0.351912   -0.12566   -0.31675
0.0305376   -0.538468   -0.296811
-0.806039   -0.0271324   0.172166
-0.00909528   0.164604   0.209092
-0.694446   0.570278   -0.432193
-0.498252   -0.414463   -1.05858
0.465565   1.03545   0.981122
-1.36602   0.387308   -0.670018
0.647562   0.936453   -1.28726
0.25761   0.504984   -0.190862
0.13022   0.106595   1.51701
-0.489646   1.36023   -0.377215
0.437956   0.163226   0.0887916
-0.32747   -0.0387712   0.148499
-0.212031   -0.831868   -0.670767
-0.841226   -0.283043   0.150142
-0.00529718   1.16596   0.799065
-0.190708   -1.58795   -0.528978
0.0485536   -0.606517   -0.883636
0.130945   -0.921268   -0.798248
1.63703   -0.0364848   -0.921119
-1.26271   -0.0238298   0.962623
0.156203   -0.239852   -0.693844
-1.25333   0.727842   -0.858055
-1.54698   -0.632347   1.53625
-0.776488   -1.38902   1.73879
-0.204933   0.66729   -0.62639
0.0364523   -0.646149   1.13002
-1.6948   -0.556662   -0.836321
0.239568   -2.26246   -1.8168
